D:\study\codes\work2\IMIPL\venv\Scripts\python.exe D:\study\codes\work2\IMIPL\main2.py 
D:\study\codes\work2\IMIPL\venv\lib\site-packages\torchvision\transforms\_functional_video.py:6: UserWarning: The 'torchvision.transforms._functional_video' module is deprecated since 0.12 and will be removed in the future. Please use the 'torchvision.transforms.functional' module instead.
  warnings.warn(
D:\study\codes\work2\IMIPL\venv\lib\site-packages\torchvision\transforms\_transforms_video.py:22: UserWarning: The 'torchvision.transforms._transforms_video' module is deprecated since 0.12 and will be removed in the future. Please use the 'torchvision.transforms' module instead.
  warnings.warn(
D:\study\codes\work2\IMIPL\venv\lib\site-packages\outdated\utils.py:14: OutdatedPackageWarning: The package pingouin is out of date. Your version is 0.5.3, the latest is 0.5.5.
Set the environment variable OUTDATED_IGNORE=1 to disable these warnings.
  return warn(
=== Training Settings ===
Epochs: 20
Learning Rate: 0.01
Positive Label Start From: 1
Bag Size: 64
Dataset: CIFAR10
Backbone: resnet18
Pooling Component: fsa
If no finetune,no backbone trained,no cl.Fine-tune: True
Contain Contrastive Term:  False
Files already downloaded and verified
D:\study\codes\work2\IMIPL\venv\lib\site-packages\torchvision\models\_utils.py:208: UserWarning: The parameter 'pretrained' is deprecated since 0.13 and may be removed in the future, please use 'weights' instead.
  warnings.warn(
D:\study\codes\work2\IMIPL\venv\lib\site-packages\torchvision\models\_utils.py:223: UserWarning: Arguments other than a weight enum or `None` for 'weights' are deprecated since 0.13 and may be removed in the future. The current behavior is equivalent to passing `weights=ResNet18_Weights.IMAGENET1K_V1`. You can also use `weights=ResNet18_Weights.DEFAULT` to get the most up-to-date weights.
  warnings.warn(msg)
epoch,lam =  0 0 0.2
Train Epoch 0: 100%|██████████| 10000/10000 [24:45<00:00,  6.73it/s, Training loss=35.7, critical_weights=0.137, std=0.0163, entropy=0.104]
Train Epoch 1:   0%|          | 0/10000 [00:00<?, ?it/s]Test Accuracy: 5.73
epoch,lam =  0 1 0.2
Train Epoch 1: 100%|██████████| 10000/10000 [23:25<00:00,  7.11it/s, Training loss=35, critical_weights=0.111, std=0.00496, entropy=0.102]
Train Epoch 2:   0%|          | 0/10000 [00:00<?, ?it/s]Test Accuracy: 2.35
epoch,lam =  0 2 0.2
Train Epoch 2: 100%|██████████| 10000/10000 [23:49<00:00,  7.00it/s, Training loss=34.7, critical_weights=0.109, std=0.00381, entropy=0.1]
Train Epoch 3:   0%|          | 0/10000 [00:00<?, ?it/s]Test Accuracy: 2.98
epoch,lam =  0 3 0.2
Train Epoch 3: 100%|██████████| 10000/10000 [26:42<00:00,  6.24it/s, Training loss=34.2, critical_weights=0.119, std=0.00872, entropy=0.0987]
Test Accuracy: 4.03
epoch,lam =  0 4 0.2
Train Epoch 4: 100%|██████████| 10000/10000 [33:06<00:00,  5.03it/s, Training loss=35.6, critical_weights=0.122, std=0.0101, entropy=0.0951]
Test Accuracy: 3.25
epoch,lam =  0 5 0.2
Train Epoch 5: 100%|██████████| 10000/10000 [40:48<00:00,  4.08it/s, Training loss=34.7, critical_weights=0.142, std=0.019, entropy=0.0978]
Test Accuracy: 10.86
epoch,lam =  0 6 0.2
Train Epoch 6: 100%|██████████| 10000/10000 [38:20<00:00,  4.35it/s, Training loss=33.8, critical_weights=0.199, std=0.0441, entropy=0.0953]
Train Epoch 7:   0%|          | 0/10000 [00:00<?, ?it/s]Test Accuracy: 15.93
epoch,lam =  0 7 0.2
Train Epoch 7: 100%|██████████| 10000/10000 [37:23<00:00,  4.46it/s, Training loss=33.8, critical_weights=0.341, std=0.108, entropy=0.0852]
Train Epoch 8:   0%|          | 0/10000 [00:00<?, ?it/s]Test Accuracy: 17.16
epoch,lam =  0 8 0.2
Train Epoch 8: 100%|██████████| 10000/10000 [37:19<00:00,  4.46it/s, Training loss=33.2, critical_weights=0.432, std=0.148, entropy=0.0761]
Train Epoch 9:   0%|          | 0/10000 [00:00<?, ?it/s]Test Accuracy: 23.35
epoch,lam =  0 9 0.2
Train Epoch 9: 100%|██████████| 10000/10000 [38:51<00:00,  4.29it/s, Training loss=34.1, critical_weights=0.573, std=0.211, entropy=0.0614]
Train Epoch 10:   0%|          | 0/10000 [00:00<?, ?it/s]Test Accuracy: 25.23
epoch,lam =  0 10 0.2
Train Epoch 10: 100%|██████████| 10000/10000 [37:25<00:00,  4.45it/s, Training loss=37.2, critical_weights=0.604, std=0.225, entropy=0.0529]
Train Epoch 11:   0%|          | 0/10000 [00:00<?, ?it/s]Test Accuracy: 25.51
epoch,lam =  0 11 0.2
Train Epoch 11: 100%|██████████| 10000/10000 [37:28<00:00,  4.45it/s, Training loss=37.6, critical_weights=0.627, std=0.236, entropy=0.0492]
Train Epoch 12:   0%|          | 0/10000 [00:00<?, ?it/s]Test Accuracy: 31.05
epoch,lam =  0 12 0.2
Train Epoch 12: 100%|██████████| 10000/10000 [37:56<00:00,  4.39it/s, Training loss=34.8, critical_weights=0.645, std=0.243, entropy=0.0504]
Train Epoch 13:   0%|          | 0/10000 [00:00<?, ?it/s]Test Accuracy: 39.35
epoch,lam =  0 13 0.2
Train Epoch 13: 100%|██████████| 10000/10000 [36:49<00:00,  4.53it/s, Training loss=36.3, critical_weights=0.65, std=0.246, entropy=0.0483]
Test Accuracy: 29.6
epoch,lam =  0 14 0.2
Train Epoch 14: 100%|██████████| 10000/10000 [38:54<00:00,  4.28it/s, Training loss=34.2, critical_weights=0.638, std=0.24, entropy=0.0487]
Train Epoch 15:   0%|          | 0/10000 [00:00<?, ?it/s]Test Accuracy: 31.2
epoch,lam =  0 15 0.2
Train Epoch 15: 100%|██████████| 10000/10000 [39:27<00:00,  4.22it/s, Training loss=33.9, critical_weights=0.627, std=0.235, entropy=0.0521]
Train Epoch 16:   0%|          | 0/10000 [00:00<?, ?it/s]Test Accuracy: 26.48
epoch,lam =  0 16 0.2
Train Epoch 16: 100%|██████████| 10000/10000 [37:03<00:00,  4.50it/s, Training loss=34.3, critical_weights=0.651, std=0.246, entropy=0.0483]
Test Accuracy: 35.18
epoch,lam =  0 17 0.2
Train Epoch 17: 100%|██████████| 10000/10000 [38:35<00:00,  4.32it/s, Training loss=35.2, critical_weights=0.671, std=0.255, entropy=0.0463]
Train Epoch 18:   0%|          | 0/10000 [00:00<?, ?it/s]Test Accuracy: 35.76
epoch,lam =  0 18 0.2
Train Epoch 18: 100%|██████████| 10000/10000 [39:38<00:00,  4.20it/s, Training loss=35.8, critical_weights=0.677, std=0.258, entropy=0.0449]
Train Epoch 19:   0%|          | 0/10000 [00:00<?, ?it/s]Test Accuracy: 36.64
epoch,lam =  0 19 0.2
Train Epoch 19: 100%|██████████| 10000/10000 [32:49<00:00,  5.08it/s, Training loss=35.7, critical_weights=0.669, std=0.254, entropy=0.0462]
Test Accuracy: 29.71
[0.0573, 0.0235, 0.0298, 0.0403, 0.0325, 0.1086, 0.1593, 0.1716, 0.2335, 0.2523, 0.2551, 0.3105, 0.3935, 0.296, 0.312, 0.2648, 0.3518, 0.3576, 0.3664, 0.2971] [0.13659317281014344, 0.11109647969481407, 0.10851588505204536, 0.11949744324701093, 0.12249605466188018, 0.1423926500263725, 0.1988318144163827, 0.3409177546859712, 0.43186997536301486, 0.5731176697306203, 0.603935546651893, 0.6274996543073118, 0.6450727247291473, 0.6498392553398565, 0.637848943363999, 0.627165419322238, 0.6510576965137851, 0.6711236809989346, 0.6767439203192882, 0.6691485203700187] [0.016348650636318168, 0.004960190799802305, 0.0038084195332268194, 0.008719521604076352, 0.010060541381262543, 0.018953012427830786, 0.04414858283343017, 0.10758450036405866, 0.14825394570887587, 0.21129677905902855, 0.22499335113148605, 0.23558475587662883, 0.24349672912865708, 0.24561311698029437, 0.24024261417195344, 0.23548814994828768, 0.2462405671940969, 0.25520272752127454, 0.25762515414431425, 0.25426953925458806]
saving  fsa_CIFAR10_20_0.2971.pth

Process finished with exit code 0
