D:\study\codes\work2\IMIPL\venv\Scripts\python.exe D:\study\codes\work2\IMIPL\main.py 
=== Training Settings ===
Epochs: 20
Learning Rate: 0.01
Positive Label Start From: 1
Bag Size: 64
Dataset: CIFAR10
Backbone: resnet18
Pooling Component: fsa
If no finetune,no backbone trained,no cl.Fine-tune: False
Contain Contrastive Term:  False
Files already downloaded and verified
D:\study\codes\work2\IMIPL\venv\lib\site-packages\torchvision\models\_utils.py:208: UserWarning: The parameter 'pretrained' is deprecated since 0.13 and may be removed in the future, please use 'weights' instead.
  warnings.warn(
D:\study\codes\work2\IMIPL\venv\lib\site-packages\torchvision\models\_utils.py:223: UserWarning: Arguments other than a weight enum or `None` for 'weights' are deprecated since 0.13 and may be removed in the future. The current behavior is equivalent to passing `weights=ResNet18_Weights.IMAGENET1K_V1`. You can also use `weights=ResNet18_Weights.DEFAULT` to get the most up-to-date weights.
  warnings.warn(msg)
Test Accuracy: 9.12
epoch,lam =  0 0 0.0
Train Epoch 0: 100%|██████████| 10000/10000 [15:26<00:00, 10.79it/s, Training loss=3.04, critical_weights=0.231, std=0.0306]
Test Accuracy: 21.67
Train Epoch 1:   0%|          | 0/10000 [00:00<?, ?it/s]Test Accuracy: 21.96
epoch,lam =  0 1 0.01
Train Epoch 1: 100%|██████████| 10000/10000 [15:27<00:00, 10.78it/s, Training loss=2.36, critical_weights=0.592, std=0.14]
Test Accuracy: 45.3
Train Epoch 2:   0%|          | 0/10000 [00:00<?, ?it/s]Test Accuracy: 44.97
epoch,lam =  0 2 0.02
Train Epoch 2: 100%|██████████| 10000/10000 [15:28<00:00, 10.77it/s, Training loss=1.69, critical_weights=0.787, std=0.211]
Test Accuracy: 59.28
Test Accuracy: 59.15
epoch,lam =  0 3 0.03
Train Epoch 3: 100%|██████████| 10000/10000 [15:20<00:00, 10.86it/s, Training loss=1.34, critical_weights=0.834, std=0.231]
Test Accuracy: 62.41
Test Accuracy: 62.69
epoch,lam =  0 4 0.04
Train Epoch 4: 100%|██████████| 10000/10000 [15:05<00:00, 11.05it/s, Training loss=1.24, critical_weights=0.843, std=0.237]
Test Accuracy: 65.74
Test Accuracy: 65.38
epoch,lam =  0 5 0.05
Train Epoch 5: 100%|██████████| 10000/10000 [15:11<00:00, 10.97it/s, Training loss=1.18, critical_weights=0.848, std=0.24]
Test Accuracy: 66.23
Train Epoch 6:   0%|          | 0/10000 [00:00<?, ?it/s]Test Accuracy: 65.88
epoch,lam =  0 6 0.06
Train Epoch 6: 100%|██████████| 10000/10000 [15:14<00:00, 10.94it/s, Training loss=1.1, critical_weights=0.854, std=0.242]
Test Accuracy: 67.7
Test Accuracy: 67.57
epoch,lam =  0 7 0.07
Train Epoch 7: 100%|██████████| 10000/10000 [15:16<00:00, 10.92it/s, Training loss=1.09, critical_weights=0.855, std=0.244]
Test Accuracy: 68.42
Train Epoch 8:   0%|          | 0/10000 [00:00<?, ?it/s]Test Accuracy: 67.77
epoch,lam =  0 8 0.08
Train Epoch 8: 100%|██████████| 10000/10000 [15:24<00:00, 10.81it/s, Training loss=1.08, critical_weights=0.859, std=0.245]
Test Accuracy: 66.56
Test Accuracy: 67.04
epoch,lam =  0 9 0.09
Train Epoch 9: 100%|██████████| 10000/10000 [15:30<00:00, 10.75it/s, Training loss=1.05, critical_weights=0.862, std=0.249]
Test Accuracy: 67.65
Test Accuracy: 68.23
epoch,lam =  0 10 0.1
Train Epoch 10: 100%|██████████| 10000/10000 [15:30<00:00, 10.74it/s, Training loss=0.758, critical_weights=0.862, std=0.238]
Test Accuracy: 68.68
Train Epoch 11:   0%|          | 0/10000 [00:00<?, ?it/s]Test Accuracy: 69.09
epoch,lam =  0 11 0.1
Train Epoch 11: 100%|██████████| 10000/10000 [15:30<00:00, 10.75it/s, Training loss=0.669, critical_weights=0.855, std=0.227]
Test Accuracy: 69.58
Train Epoch 12:   0%|          | 0/10000 [00:00<?, ?it/s]Test Accuracy: 69.72
epoch,lam =  0 12 0.1
Train Epoch 12: 100%|██████████| 10000/10000 [15:30<00:00, 10.74it/s, Training loss=0.638, critical_weights=0.85, std=0.22]
Test Accuracy: 69.33
Test Accuracy: 69.59
epoch,lam =  0 13 0.1
Train Epoch 13: 100%|██████████| 10000/10000 [15:25<00:00, 10.80it/s, Training loss=0.586, critical_weights=0.845, std=0.213]
Test Accuracy: 69.45
Train Epoch 14:   0%|          | 0/10000 [00:00<?, ?it/s]Test Accuracy: 69.69
epoch,lam =  0 14 0.1
Train Epoch 14: 100%|██████████| 10000/10000 [15:31<00:00, 10.74it/s, Training loss=0.585, critical_weights=0.836, std=0.209]
Test Accuracy: 69.98
Test Accuracy: 69.01
epoch,lam =  0 15 0.1
Train Epoch 15: 100%|██████████| 10000/10000 [15:31<00:00, 10.73it/s, Training loss=0.54, critical_weights=0.836, std=0.207]
Test Accuracy: 69.35
Test Accuracy: 69.63
epoch,lam =  0 16 0.1
Train Epoch 16: 100%|██████████| 10000/10000 [15:31<00:00, 10.73it/s, Training loss=0.543, critical_weights=0.835, std=0.207]
Test Accuracy: 69.52
Test Accuracy: 70.15
epoch,lam =  0 17 0.1
Train Epoch 17: 100%|██████████| 10000/10000 [15:29<00:00, 10.76it/s, Training loss=0.555, critical_weights=0.833, std=0.205]
Test Accuracy: 69.4
Test Accuracy: 69.79
epoch,lam =  0 18 0.1
Train Epoch 18: 100%|██████████| 10000/10000 [15:21<00:00, 10.85it/s, Training loss=0.541, critical_weights=0.835, std=0.205]
Test Accuracy: 69.48
Test Accuracy: 69.99
epoch,lam =  0 19 0.1
Train Epoch 19: 100%|██████████| 10000/10000 [15:31<00:00, 10.73it/s, Training loss=0.54, critical_weights=0.832, std=0.202]
Test Accuracy: 69.73
[0.2167, 0.453, 0.5928, 0.6241, 0.6574, 0.6623, 0.677, 0.6842, 0.6656, 0.6765, 0.6868, 0.6958, 0.6933, 0.6945, 0.6998, 0.6935, 0.6952, 0.694, 0.6948, 0.6973] [0.23088070916235448, 0.5915197052983101, 0.7865335887567839, 0.8340462916362099, 0.8434433217041194, 0.8480283971306868, 0.8538002595674654, 0.855267563212663, 0.8589095889967634, 0.8618754422819241, 0.8619134257700294, 0.8552856355660595, 0.8495995758987963, 0.8445154266359285, 0.8360025186594575, 0.8359983790675178, 0.8354330935908015, 0.8334755187820643, 0.8346126425378024, 0.8316354258971289] [0.030603331995377084, 0.14011519784087723, 0.21118682630388066, 0.2311051587807422, 0.2371352085624152, 0.23970919215863104, 0.24171266470673, 0.24376265599947655, 0.24499704513082396, 0.24868047890237066, 0.23789795892063995, 0.2271464414533926, 0.22044911214188906, 0.21320546648278832, 0.2086186377089587, 0.20732381197188515, 0.2069578473601956, 0.2053311790319858, 0.2045516758020967, 0.20232496186378413]
 
Process finished with exit code 0